This file contains any messages produced by compilers while
running configure, to aid debugging if configure makes a mistake.

It was created by cramore configure 1.8, which was
generated by GNU Autoconf 2.69.  Invocation command line was

  $ ./configure 

## --------- ##
## Platform. ##
## --------- ##

hostname = dumbo
uname -m = x86_64
uname -r = 4.15.0-46-generic
uname -s = Linux
uname -v = #49~16.04.1-Ubuntu SMP Tue Feb 12 17:45:24 UTC 2019

/usr/bin/uname -p = unknown
/bin/uname -X     = unknown

/bin/arch              = unknown
/usr/bin/arch -k       = unknown
/usr/convex/getsysinfo = unknown
/usr/bin/hostinfo      = unknown
/bin/machine           = unknown
/usr/bin/oslevel       = unknown
/bin/universe          = unknown

PATH: /net/wonderland/home/ycsi/.linuxbrew/bin
PATH: /net/wonderland/home/ycsi/.linuxbrew/sbin
PATH: /usr/cluster/bin
PATH: /usr/cluster/software/xenial/perl/5.18.2/bin
PATH: /net/wonderland/home/ycsi/bin
PATH: /net/wonderland/home/ycsi/.linuxbrew/bin
PATH: /net/wonderland/home/ycsi/.linuxbrew/sbin
PATH: /usr/cluster/bin
PATH: /net/wonderland/home/ycsi/bin
PATH: /usr/local/sbin
PATH: /usr/local/bin
PATH: /usr/sbin
PATH: /usr/bin
PATH: /sbin
PATH: /bin
PATH: /usr/games
PATH: /usr/local/games
PATH: /usr/cluster/bin
PATH: /usr/lib/jvm/java-8-oracle/bin
PATH: /usr/lib/jvm/java-8-oracle/db/bin
PATH: /usr/lib/jvm/java-8-oracle/jre/bin
PATH: /opt/puppetlabs/bin
PATH: /usr/lib/jvm/java-8-oracle/bin
PATH: /usr/lib/jvm/java-8-oracle/db/bin
PATH: /usr/lib/jvm/java-8-oracle/jre/bin


## ----------- ##
## Core tests. ##
## ----------- ##

configure:2464: checking for a BSD-compatible install
configure:2532: result: /usr/bin/install -c
configure:2543: checking whether build environment is sane
configure:2598: result: yes
configure:2749: checking for a thread-safe mkdir -p
configure:2788: result: /bin/mkdir -p
configure:2795: checking for gawk
configure:2811: found /usr/bin/gawk
configure:2822: result: gawk
configure:2833: checking whether make sets $(MAKE)
configure:2855: result: yes
configure:2884: checking whether make supports nested variables
configure:2901: result: yes
configure:3028: checking whether make sets $(MAKE)
configure:3050: result: yes
configure:3117: checking for g++
configure:3133: found /usr/bin/g++
configure:3144: result: g++
configure:3171: checking for C++ compiler version
configure:3180: g++ --version >&5
g++ (Ubuntu 5.4.0-6ubuntu1~16.04.11) 5.4.0 20160609
Copyright (C) 2015 Free Software Foundation, Inc.
This is free software; see the source for copying conditions.  There is NO
warranty; not even for MERCHANTABILITY or FITNESS FOR A PARTICULAR PURPOSE.

configure:3191: $? = 0
configure:3180: g++ -v >&5
Using built-in specs.
COLLECT_GCC=g++
COLLECT_LTO_WRAPPER=/usr/lib/gcc/x86_64-linux-gnu/5/lto-wrapper
Target: x86_64-linux-gnu
Configured with: ../src/configure -v --with-pkgversion='Ubuntu 5.4.0-6ubuntu1~16.04.11' --with-bugurl=file:///usr/share/doc/gcc-5/README.Bugs --enable-languages=c,ada,c++,java,go,d,fortran,objc,obj-c++ --prefix=/usr --program-suffix=-5 --enable-shared --enable-linker-build-id --libexecdir=/usr/lib --without-included-gettext --enable-threads=posix --libdir=/usr/lib --enable-nls --with-sysroot=/ --enable-clocale=gnu --enable-libstdcxx-debug --enable-libstdcxx-time=yes --with-default-libstdcxx-abi=new --enable-gnu-unique-object --disable-vtable-verify --enable-libmpx --enable-plugin --with-system-zlib --disable-browser-plugin --enable-java-awt=gtk --enable-gtk-cairo --with-java-home=/usr/lib/jvm/java-1.5.0-gcj-5-amd64/jre --enable-java-home --with-jvm-root-dir=/usr/lib/jvm/java-1.5.0-gcj-5-amd64 --with-jvm-jar-dir=/usr/lib/jvm-exports/java-1.5.0-gcj-5-amd64 --with-arch-directory=amd64 --with-ecj-jar=/usr/share/java/eclipse-ecj.jar --enable-objc-gc --enable-multiarch --disable-werror --with-arch-32=i686 --with-abi=m64 --with-multilib-list=m32,m64,mx32 --enable-multilib --with-tune=generic --enable-checking=release --build=x86_64-linux-gnu --host=x86_64-linux-gnu --target=x86_64-linux-gnu
Thread model: posix
gcc version 5.4.0 20160609 (Ubuntu 5.4.0-6ubuntu1~16.04.11) 
configure:3191: $? = 0
configure:3180: g++ -V >&5
g++: error: unrecognized command line option '-V'
g++: fatal error: no input files
compilation terminated.
configure:3191: $? = 1
configure:3180: g++ -qversion >&5
g++: error: unrecognized command line option '-qversion'
g++: fatal error: no input files
compilation terminated.
configure:3191: $? = 1
configure:3211: checking whether the C++ compiler works
configure:3233: g++    conftest.cpp  >&5
configure:3237: $? = 0
configure:3285: result: yes
configure:3288: checking for C++ compiler default output file name
configure:3290: result: a.out
configure:3296: checking for suffix of executables
configure:3303: g++ -o conftest    conftest.cpp  >&5
configure:3307: $? = 0
configure:3329: result: 
configure:3351: checking whether we are cross compiling
configure:3359: g++ -o conftest    conftest.cpp  >&5
configure:3363: $? = 0
configure:3370: ./conftest
configure:3374: $? = 0
configure:3389: result: no
configure:3394: checking for suffix of object files
configure:3416: g++ -c   conftest.cpp >&5
configure:3420: $? = 0
configure:3441: result: o
configure:3445: checking whether we are using the GNU C++ compiler
configure:3464: g++ -c   conftest.cpp >&5
configure:3464: $? = 0
configure:3473: result: yes
configure:3482: checking whether g++ accepts -g
configure:3502: g++ -c -g  conftest.cpp >&5
configure:3502: $? = 0
configure:3543: result: yes
configure:3577: checking for style of include used by make
configure:3605: result: GNU
configure:3631: checking dependency style of g++
configure:3742: result: gcc3
configure:3885: checking for gcc
configure:3901: found /usr/bin/gcc
configure:3912: result: gcc
configure:4141: checking for C compiler version
configure:4150: gcc --version >&5
gcc (Ubuntu 5.4.0-6ubuntu1~16.04.11) 5.4.0 20160609
Copyright (C) 2015 Free Software Foundation, Inc.
This is free software; see the source for copying conditions.  There is NO
warranty; not even for MERCHANTABILITY or FITNESS FOR A PARTICULAR PURPOSE.

configure:4161: $? = 0
configure:4150: gcc -v >&5
Using built-in specs.
COLLECT_GCC=gcc
COLLECT_LTO_WRAPPER=/usr/lib/gcc/x86_64-linux-gnu/5/lto-wrapper
Target: x86_64-linux-gnu
Configured with: ../src/configure -v --with-pkgversion='Ubuntu 5.4.0-6ubuntu1~16.04.11' --with-bugurl=file:///usr/share/doc/gcc-5/README.Bugs --enable-languages=c,ada,c++,java,go,d,fortran,objc,obj-c++ --prefix=/usr --program-suffix=-5 --enable-shared --enable-linker-build-id --libexecdir=/usr/lib --without-included-gettext --enable-threads=posix --libdir=/usr/lib --enable-nls --with-sysroot=/ --enable-clocale=gnu --enable-libstdcxx-debug --enable-libstdcxx-time=yes --with-default-libstdcxx-abi=new --enable-gnu-unique-object --disable-vtable-verify --enable-libmpx --enable-plugin --with-system-zlib --disable-browser-plugin --enable-java-awt=gtk --enable-gtk-cairo --with-java-home=/usr/lib/jvm/java-1.5.0-gcj-5-amd64/jre --enable-java-home --with-jvm-root-dir=/usr/lib/jvm/java-1.5.0-gcj-5-amd64 --with-jvm-jar-dir=/usr/lib/jvm-exports/java-1.5.0-gcj-5-amd64 --with-arch-directory=amd64 --with-ecj-jar=/usr/share/java/eclipse-ecj.jar --enable-objc-gc --enable-multiarch --disable-werror --with-arch-32=i686 --with-abi=m64 --with-multilib-list=m32,m64,mx32 --enable-multilib --with-tune=generic --enable-checking=release --build=x86_64-linux-gnu --host=x86_64-linux-gnu --target=x86_64-linux-gnu
Thread model: posix
gcc version 5.4.0 20160609 (Ubuntu 5.4.0-6ubuntu1~16.04.11) 
configure:4161: $? = 0
configure:4150: gcc -V >&5
gcc: error: unrecognized command line option '-V'
gcc: fatal error: no input files
compilation terminated.
configure:4161: $? = 1
configure:4150: gcc -qversion >&5
gcc: error: unrecognized command line option '-qversion'
gcc: fatal error: no input files
compilation terminated.
configure:4161: $? = 1
configure:4165: checking whether we are using the GNU C compiler
configure:4184: gcc -c   conftest.c >&5
configure:4184: $? = 0
configure:4193: result: yes
configure:4202: checking whether gcc accepts -g
configure:4222: gcc -c -g  conftest.c >&5
configure:4222: $? = 0
configure:4263: result: yes
configure:4280: checking for gcc option to accept ISO C89
configure:4343: gcc  -c -g -O2  conftest.c >&5
configure:4343: $? = 0
configure:4356: result: none needed
configure:4381: checking whether gcc understands -c and -o together
configure:4403: gcc -c conftest.c -o conftest2.o
configure:4406: $? = 0
configure:4403: gcc -c conftest.c -o conftest2.o
configure:4406: $? = 0
configure:4418: result: yes
configure:4437: checking dependency style of gcc
configure:4548: result: gcc3
configure:4572: checking for special C compiler options needed for large files
configure:4617: result: no
configure:4623: checking for _FILE_OFFSET_BITS value needed for large files
configure:4648: g++ -c -g -O2  conftest.cpp >&5
configure:4648: $? = 0
configure:4680: result: no
configure:4786: checking location of HTSlib source tree
configure:4807: result: ../htslib
configure:5013: checking how to run the C++ preprocessor
configure:5040: g++ -E  conftest.cpp
configure:5040: $? = 0
configure:5054: g++ -E  conftest.cpp
conftest.cpp:11:28: fatal error: ac_nonexistent.h: No such file or directory
compilation terminated.
configure:5054: $? = 1
configure: failed program was:
| /* confdefs.h */
| #define PACKAGE_NAME "cramore"
| #define PACKAGE_TARNAME "cramore"
| #define PACKAGE_VERSION "1.8"
| #define PACKAGE_STRING "cramore 1.8"
| #define PACKAGE_BUGREPORT "hmkang@umich.edu"
| #define PACKAGE_URL ""
| #define PACKAGE "cramore"
| #define VERSION "1.8"
| /* end confdefs.h.  */
| #include <ac_nonexistent.h>
configure:5079: result: g++ -E
configure:5099: g++ -E  conftest.cpp
configure:5099: $? = 0
configure:5113: g++ -E  conftest.cpp
conftest.cpp:11:28: fatal error: ac_nonexistent.h: No such file or directory
compilation terminated.
configure:5113: $? = 1
configure: failed program was:
| /* confdefs.h */
| #define PACKAGE_NAME "cramore"
| #define PACKAGE_TARNAME "cramore"
| #define PACKAGE_VERSION "1.8"
| #define PACKAGE_STRING "cramore 1.8"
| #define PACKAGE_BUGREPORT "hmkang@umich.edu"
| #define PACKAGE_URL ""
| #define PACKAGE "cramore"
| #define VERSION "1.8"
| /* end confdefs.h.  */
| #include <ac_nonexistent.h>
configure:5142: checking for grep that handles long lines and -e
configure:5200: result: /bin/grep
configure:5205: checking for egrep
configure:5267: result: /bin/grep -E
configure:5272: checking for ANSI C header files
configure:5292: g++ -c -g -O2  conftest.cpp >&5
configure:5292: $? = 0
configure:5365: g++ -o conftest -g -O2   conftest.cpp  >&5
configure:5365: $? = 0
configure:5365: ./conftest
configure:5365: $? = 0
configure:5376: result: yes
configure:5389: checking for sys/types.h
configure:5389: g++ -c -g -O2  conftest.cpp >&5
configure:5389: $? = 0
configure:5389: result: yes
configure:5389: checking for sys/stat.h
configure:5389: g++ -c -g -O2  conftest.cpp >&5
configure:5389: $? = 0
configure:5389: result: yes
configure:5389: checking for stdlib.h
configure:5389: g++ -c -g -O2  conftest.cpp >&5
configure:5389: $? = 0
configure:5389: result: yes
configure:5389: checking for string.h
configure:5389: g++ -c -g -O2  conftest.cpp >&5
configure:5389: $? = 0
configure:5389: result: yes
configure:5389: checking for memory.h
configure:5389: g++ -c -g -O2  conftest.cpp >&5
configure:5389: $? = 0
configure:5389: result: yes
configure:5389: checking for strings.h
configure:5389: g++ -c -g -O2  conftest.cpp >&5
configure:5389: $? = 0
configure:5389: result: yes
configure:5389: checking for inttypes.h
configure:5389: g++ -c -g -O2  conftest.cpp >&5
configure:5389: $? = 0
configure:5389: result: yes
configure:5389: checking for stdint.h
configure:5389: g++ -c -g -O2  conftest.cpp >&5
configure:5389: $? = 0
configure:5389: result: yes
configure:5389: checking for unistd.h
configure:5389: g++ -c -g -O2  conftest.cpp >&5
configure:5389: $? = 0
configure:5389: result: yes
configure:5404: checking limits.h usability
configure:5404: g++ -c -g -O2  conftest.cpp >&5
configure:5404: $? = 0
configure:5404: result: yes
configure:5404: checking limits.h presence
configure:5404: g++ -E  conftest.cpp
configure:5404: $? = 0
configure:5404: result: yes
configure:5404: checking for limits.h
configure:5404: result: yes
configure:5404: checking stddef.h usability
configure:5404: g++ -c -g -O2  conftest.cpp >&5
configure:5404: $? = 0
configure:5404: result: yes
configure:5404: checking stddef.h presence
configure:5404: g++ -E  conftest.cpp
configure:5404: $? = 0
configure:5404: result: yes
configure:5404: checking for stddef.h
configure:5404: result: yes
configure:5404: checking for stdint.h
configure:5404: result: yes
configure:5404: checking for stdlib.h
configure:5404: result: yes
configure:5404: checking for string.h
configure:5404: result: yes
configure:5404: checking for unistd.h
configure:5404: result: yes
configure:5415: checking for stdbool.h that conforms to C99
configure:5482: g++ -c -g -O2  conftest.cpp >&5
configure:5482: $? = 0
configure:5489: result: yes
configure:5491: checking for _Bool
configure:5491: g++ -c -g -O2  conftest.cpp >&5
conftest.cpp: In function 'int main()':
conftest.cpp:63:13: error: '_Bool' was not declared in this scope
 if (sizeof (_Bool))
             ^
configure:5491: $? = 1
configure: failed program was:
| /* confdefs.h */
| #define PACKAGE_NAME "cramore"
| #define PACKAGE_TARNAME "cramore"
| #define PACKAGE_VERSION "1.8"
| #define PACKAGE_STRING "cramore 1.8"
| #define PACKAGE_BUGREPORT "hmkang@umich.edu"
| #define PACKAGE_URL ""
| #define PACKAGE "cramore"
| #define VERSION "1.8"
| #define STDC_HEADERS 1
| #define HAVE_SYS_TYPES_H 1
| #define HAVE_SYS_STAT_H 1
| #define HAVE_STDLIB_H 1
| #define HAVE_STRING_H 1
| #define HAVE_MEMORY_H 1
| #define HAVE_STRINGS_H 1
| #define HAVE_INTTYPES_H 1
| #define HAVE_STDINT_H 1
| #define HAVE_UNISTD_H 1
| #define HAVE_LIMITS_H 1
| #define HAVE_STDDEF_H 1
| #define HAVE_STDINT_H 1
| #define HAVE_STDLIB_H 1
| #define HAVE_STRING_H 1
| #define HAVE_UNISTD_H 1
| /* end confdefs.h.  */
| #include <stdio.h>
| #ifdef HAVE_SYS_TYPES_H
| # include <sys/types.h>
| #endif
| #ifdef HAVE_SYS_STAT_H
| # include <sys/stat.h>
| #endif
| #ifdef STDC_HEADERS
| # include <stdlib.h>
| # include <stddef.h>
| #else
| # ifdef HAVE_STDLIB_H
| #  include <stdlib.h>
| # endif
| #endif
| #ifdef HAVE_STRING_H
| # if !defined STDC_HEADERS && defined HAVE_MEMORY_H
| #  include <memory.h>
| # endif
| # include <string.h>
| #endif
| #ifdef HAVE_STRINGS_H
| # include <strings.h>
| #endif
| #ifdef HAVE_INTTYPES_H
| # include <inttypes.h>
| #endif
| #ifdef HAVE_STDINT_H
| # include <stdint.h>
| #endif
| #ifdef HAVE_UNISTD_H
| # include <unistd.h>
| #endif
| int
| main ()
| {
| if (sizeof (_Bool))
| 	 return 0;
|   ;
|   return 0;
| }
configure:5491: result: no
configure:5508: checking for inline
configure:5524: g++ -c -g -O2  conftest.cpp >&5
configure:5524: $? = 0
configure:5532: result: inline
configure:5550: checking for int32_t
configure:5550: g++ -c -g -O2  conftest.cpp >&5
configure:5550: $? = 0
configure:5550: g++ -c -g -O2  conftest.cpp >&5
conftest.cpp: In function 'int main()':
conftest.cpp:66:53: warning: integer overflow in expression [-Woverflow]
    < (int32_t) (((((int32_t) 1 << N) << N) - 1) * 2 + 2))];
                                                     ^
conftest.cpp:66:58: error: size of array 'test_array' is negative
    < (int32_t) (((((int32_t) 1 << N) << N) - 1) * 2 + 2))];
                                                          ^
configure:5550: $? = 1
configure: failed program was:
| /* confdefs.h */
| #define PACKAGE_NAME "cramore"
| #define PACKAGE_TARNAME "cramore"
| #define PACKAGE_VERSION "1.8"
| #define PACKAGE_STRING "cramore 1.8"
| #define PACKAGE_BUGREPORT "hmkang@umich.edu"
| #define PACKAGE_URL ""
| #define PACKAGE "cramore"
| #define VERSION "1.8"
| #define STDC_HEADERS 1
| #define HAVE_SYS_TYPES_H 1
| #define HAVE_SYS_STAT_H 1
| #define HAVE_STDLIB_H 1
| #define HAVE_STRING_H 1
| #define HAVE_MEMORY_H 1
| #define HAVE_STRINGS_H 1
| #define HAVE_INTTYPES_H 1
| #define HAVE_STDINT_H 1
| #define HAVE_UNISTD_H 1
| #define HAVE_LIMITS_H 1
| #define HAVE_STDDEF_H 1
| #define HAVE_STDINT_H 1
| #define HAVE_STDLIB_H 1
| #define HAVE_STRING_H 1
| #define HAVE_UNISTD_H 1
| #define HAVE_STDBOOL_H 1
| /* end confdefs.h.  */
| #include <stdio.h>
| #ifdef HAVE_SYS_TYPES_H
| # include <sys/types.h>
| #endif
| #ifdef HAVE_SYS_STAT_H
| # include <sys/stat.h>
| #endif
| #ifdef STDC_HEADERS
| # include <stdlib.h>
| # include <stddef.h>
| #else
| # ifdef HAVE_STDLIB_H
| #  include <stdlib.h>
| # endif
| #endif
| #ifdef HAVE_STRING_H
| # if !defined STDC_HEADERS && defined HAVE_MEMORY_H
| #  include <memory.h>
| # endif
| # include <string.h>
| #endif
| #ifdef HAVE_STRINGS_H
| # include <strings.h>
| #endif
| #ifdef HAVE_INTTYPES_H
| # include <inttypes.h>
| #endif
| #ifdef HAVE_STDINT_H
| # include <stdint.h>
| #endif
| #ifdef HAVE_UNISTD_H
| # include <unistd.h>
| #endif
| 	        enum { N = 32 / 2 - 1 };
| int
| main ()
| {
| static int test_array [1 - 2 * !((int32_t) (((((int32_t) 1 << N) << N) - 1) * 2 + 1)
| 		 < (int32_t) (((((int32_t) 1 << N) << N) - 1) * 2 + 2))];
| test_array [0] = 0;
| return test_array [0];
| 
|   ;
|   return 0;
| }
configure:5550: result: yes
configure:5561: checking for int64_t
configure:5561: g++ -c -g -O2  conftest.cpp >&5
configure:5561: $? = 0
configure:5561: g++ -c -g -O2  conftest.cpp >&5
conftest.cpp: In function 'int main()':
conftest.cpp:66:53: warning: integer overflow in expression [-Woverflow]
    < (int64_t) (((((int64_t) 1 << N) << N) - 1) * 2 + 2))];
                                                     ^
conftest.cpp:66:58: error: size of array 'test_array' is negative
    < (int64_t) (((((int64_t) 1 << N) << N) - 1) * 2 + 2))];
                                                          ^
configure:5561: $? = 1
configure: failed program was:
| /* confdefs.h */
| #define PACKAGE_NAME "cramore"
| #define PACKAGE_TARNAME "cramore"
| #define PACKAGE_VERSION "1.8"
| #define PACKAGE_STRING "cramore 1.8"
| #define PACKAGE_BUGREPORT "hmkang@umich.edu"
| #define PACKAGE_URL ""
| #define PACKAGE "cramore"
| #define VERSION "1.8"
| #define STDC_HEADERS 1
| #define HAVE_SYS_TYPES_H 1
| #define HAVE_SYS_STAT_H 1
| #define HAVE_STDLIB_H 1
| #define HAVE_STRING_H 1
| #define HAVE_MEMORY_H 1
| #define HAVE_STRINGS_H 1
| #define HAVE_INTTYPES_H 1
| #define HAVE_STDINT_H 1
| #define HAVE_UNISTD_H 1
| #define HAVE_LIMITS_H 1
| #define HAVE_STDDEF_H 1
| #define HAVE_STDINT_H 1
| #define HAVE_STDLIB_H 1
| #define HAVE_STRING_H 1
| #define HAVE_UNISTD_H 1
| #define HAVE_STDBOOL_H 1
| /* end confdefs.h.  */
| #include <stdio.h>
| #ifdef HAVE_SYS_TYPES_H
| # include <sys/types.h>
| #endif
| #ifdef HAVE_SYS_STAT_H
| # include <sys/stat.h>
| #endif
| #ifdef STDC_HEADERS
| # include <stdlib.h>
| # include <stddef.h>
| #else
| # ifdef HAVE_STDLIB_H
| #  include <stdlib.h>
| # endif
| #endif
| #ifdef HAVE_STRING_H
| # if !defined STDC_HEADERS && defined HAVE_MEMORY_H
| #  include <memory.h>
| # endif
| # include <string.h>
| #endif
| #ifdef HAVE_STRINGS_H
| # include <strings.h>
| #endif
| #ifdef HAVE_INTTYPES_H
| # include <inttypes.h>
| #endif
| #ifdef HAVE_STDINT_H
| # include <stdint.h>
| #endif
| #ifdef HAVE_UNISTD_H
| # include <unistd.h>
| #endif
| 	        enum { N = 64 / 2 - 1 };
| int
| main ()
| {
| static int test_array [1 - 2 * !((int64_t) (((((int64_t) 1 << N) << N) - 1) * 2 + 1)
| 		 < (int64_t) (((((int64_t) 1 << N) << N) - 1) * 2 + 2))];
| test_array [0] = 0;
| return test_array [0];
| 
|   ;
|   return 0;
| }
configure:5561: result: yes
configure:5572: checking for C/C++ restrict keyword
configure:5597: g++ -c -g -O2  conftest.cpp >&5
configure:5597: $? = 0
configure:5605: result: __restrict
configure:5618: checking for size_t
configure:5618: g++ -c -g -O2  conftest.cpp >&5
configure:5618: $? = 0
configure:5618: g++ -c -g -O2  conftest.cpp >&5
conftest.cpp: In function 'int main()':
conftest.cpp:65:20: error: expected primary-expression before ')' token
 if (sizeof ((size_t)))
                    ^
configure:5618: $? = 1
configure: failed program was:
| /* confdefs.h */
| #define PACKAGE_NAME "cramore"
| #define PACKAGE_TARNAME "cramore"
| #define PACKAGE_VERSION "1.8"
| #define PACKAGE_STRING "cramore 1.8"
| #define PACKAGE_BUGREPORT "hmkang@umich.edu"
| #define PACKAGE_URL ""
| #define PACKAGE "cramore"
| #define VERSION "1.8"
| #define STDC_HEADERS 1
| #define HAVE_SYS_TYPES_H 1
| #define HAVE_SYS_STAT_H 1
| #define HAVE_STDLIB_H 1
| #define HAVE_STRING_H 1
| #define HAVE_MEMORY_H 1
| #define HAVE_STRINGS_H 1
| #define HAVE_INTTYPES_H 1
| #define HAVE_STDINT_H 1
| #define HAVE_UNISTD_H 1
| #define HAVE_LIMITS_H 1
| #define HAVE_STDDEF_H 1
| #define HAVE_STDINT_H 1
| #define HAVE_STDLIB_H 1
| #define HAVE_STRING_H 1
| #define HAVE_UNISTD_H 1
| #define HAVE_STDBOOL_H 1
| #define restrict __restrict
| /* end confdefs.h.  */
| #include <stdio.h>
| #ifdef HAVE_SYS_TYPES_H
| # include <sys/types.h>
| #endif
| #ifdef HAVE_SYS_STAT_H
| # include <sys/stat.h>
| #endif
| #ifdef STDC_HEADERS
| # include <stdlib.h>
| # include <stddef.h>
| #else
| # ifdef HAVE_STDLIB_H
| #  include <stdlib.h>
| # endif
| #endif
| #ifdef HAVE_STRING_H
| # if !defined STDC_HEADERS && defined HAVE_MEMORY_H
| #  include <memory.h>
| # endif
| # include <string.h>
| #endif
| #ifdef HAVE_STRINGS_H
| # include <strings.h>
| #endif
| #ifdef HAVE_INTTYPES_H
| # include <inttypes.h>
| #endif
| #ifdef HAVE_STDINT_H
| # include <stdint.h>
| #endif
| #ifdef HAVE_UNISTD_H
| # include <unistd.h>
| #endif
| int
| main ()
| {
| if (sizeof ((size_t)))
| 	    return 0;
|   ;
|   return 0;
| }
configure:5618: result: yes
configure:5629: checking for uint16_t
configure:5629: g++ -c -g -O2  conftest.cpp >&5
configure:5629: $? = 0
configure:5629: result: yes
configure:5641: checking for uint32_t
configure:5641: g++ -c -g -O2  conftest.cpp >&5
configure:5641: $? = 0
configure:5641: result: yes
configure:5655: checking for uint64_t
configure:5655: g++ -c -g -O2  conftest.cpp >&5
configure:5655: $? = 0
configure:5655: result: yes
configure:5669: checking for uint8_t
configure:5669: g++ -c -g -O2  conftest.cpp >&5
configure:5669: $? = 0
configure:5669: result: yes
configure:5683: checking for ptrdiff_t
configure:5683: g++ -c -g -O2  conftest.cpp >&5
configure:5683: $? = 0
configure:5683: g++ -c -g -O2  conftest.cpp >&5
conftest.cpp: In function 'int main()':
conftest.cpp:65:23: error: expected primary-expression before ')' token
 if (sizeof ((ptrdiff_t)))
                       ^
configure:5683: $? = 1
configure: failed program was:
| /* confdefs.h */
| #define PACKAGE_NAME "cramore"
| #define PACKAGE_TARNAME "cramore"
| #define PACKAGE_VERSION "1.8"
| #define PACKAGE_STRING "cramore 1.8"
| #define PACKAGE_BUGREPORT "hmkang@umich.edu"
| #define PACKAGE_URL ""
| #define PACKAGE "cramore"
| #define VERSION "1.8"
| #define STDC_HEADERS 1
| #define HAVE_SYS_TYPES_H 1
| #define HAVE_SYS_STAT_H 1
| #define HAVE_STDLIB_H 1
| #define HAVE_STRING_H 1
| #define HAVE_MEMORY_H 1
| #define HAVE_STRINGS_H 1
| #define HAVE_INTTYPES_H 1
| #define HAVE_STDINT_H 1
| #define HAVE_UNISTD_H 1
| #define HAVE_LIMITS_H 1
| #define HAVE_STDDEF_H 1
| #define HAVE_STDINT_H 1
| #define HAVE_STDLIB_H 1
| #define HAVE_STRING_H 1
| #define HAVE_UNISTD_H 1
| #define HAVE_STDBOOL_H 1
| #define restrict __restrict
| /* end confdefs.h.  */
| #include <stdio.h>
| #ifdef HAVE_SYS_TYPES_H
| # include <sys/types.h>
| #endif
| #ifdef HAVE_SYS_STAT_H
| # include <sys/stat.h>
| #endif
| #ifdef STDC_HEADERS
| # include <stdlib.h>
| # include <stddef.h>
| #else
| # ifdef HAVE_STDLIB_H
| #  include <stdlib.h>
| # endif
| #endif
| #ifdef HAVE_STRING_H
| # if !defined STDC_HEADERS && defined HAVE_MEMORY_H
| #  include <memory.h>
| # endif
| # include <string.h>
| #endif
| #ifdef HAVE_STRINGS_H
| # include <strings.h>
| #endif
| #ifdef HAVE_INTTYPES_H
| # include <inttypes.h>
| #endif
| #ifdef HAVE_STDINT_H
| # include <stdint.h>
| #endif
| #ifdef HAVE_UNISTD_H
| # include <unistd.h>
| #endif
| int
| main ()
| {
| if (sizeof ((ptrdiff_t)))
| 	    return 0;
|   ;
|   return 0;
| }
configure:5683: result: yes
configure:5695: checking for error_at_line
configure:5711: g++ -o conftest -g -O2   conftest.cpp  >&5
configure:5711: $? = 0
configure:5719: result: yes
configure:5732: checking for stdlib.h
configure:5732: result: yes
configure:5742: checking for GNU libc compatible malloc
configure:5766: g++ -o conftest -g -O2   conftest.cpp  >&5
configure:5766: $? = 0
configure:5766: ./conftest
configure:5766: $? = 0
configure:5776: result: yes
configure:5797: checking whether sys/types.h defines makedev
configure:5813: g++ -o conftest -g -O2   conftest.cpp  >&5
configure:5813: $? = 0
configure:5822: result: yes
configure:5849: checking for stdlib.h
configure:5849: result: yes
configure:5859: checking for GNU libc compatible realloc
configure:5883: g++ -o conftest -g -O2   conftest.cpp  >&5
configure:5883: $? = 0
configure:5883: ./conftest
configure:5883: $? = 0
configure:5893: result: yes
configure:5914: checking for working strtod
configure:5955: g++ -o conftest -g -O2   conftest.cpp  >&5
conftest.cpp: In function 'int main()':
conftest.cpp:76:20: warning: deprecated conversion from string constant to 'char*' [-Wwrite-strings]
     char *string = " +69";
                    ^
conftest.cpp:87:20: warning: deprecated conversion from string constant to 'char*' [-Wwrite-strings]
     char *string = "NaN";
                    ^
configure:5955: $? = 0
configure:5955: ./conftest
configure:5955: $? = 0
configure:5965: result: yes
configure:6030: checking for floor
configure:6030: g++ -o conftest -g -O2   conftest.cpp  >&5
configure:6030: $? = 0
configure:6030: result: yes
configure:6030: checking for gethostname
configure:6030: g++ -o conftest -g -O2   conftest.cpp  >&5
configure:6030: $? = 0
configure:6030: result: yes
configure:6030: checking for memset
configure:6030: g++ -o conftest -g -O2   conftest.cpp  >&5
configure:6030: $? = 0
configure:6030: result: yes
configure:6030: checking for pow
configure:6030: g++ -o conftest -g -O2   conftest.cpp  >&5
configure:6030: $? = 0
configure:6030: result: yes
configure:6030: checking for select
configure:6030: g++ -o conftest -g -O2   conftest.cpp  >&5
configure:6030: $? = 0
configure:6030: result: yes
configure:6030: checking for sqrt
configure:6030: g++ -o conftest -g -O2   conftest.cpp  >&5
configure:6030: $? = 0
configure:6030: result: yes
configure:6030: checking for strchr
configure:6030: g++ -o conftest -g -O2   conftest.cpp  >&5
configure:6030: $? = 0
configure:6030: result: yes
configure:6030: checking for strstr
configure:6030: g++ -o conftest -g -O2   conftest.cpp  >&5
configure:6030: $? = 0
configure:6030: result: yes
configure:6030: checking for strtol
configure:6030: g++ -o conftest -g -O2   conftest.cpp  >&5
configure:6030: $? = 0
configure:6030: result: yes
configure:6039: checking for gzopen in -lz
configure:6064: g++ -o conftest -g -O2   conftest.cpp -lz   >&5
configure:6064: $? = 0
configure:6073: result: yes
configure:6086: checking for erf in -lm
configure:6111: g++ -o conftest -g -O2   conftest.cpp -lm  -lz  >&5
configure:6111: $? = 0
configure:6120: result: yes
configure:6128: checking for erfc in -lm
configure:6153: g++ -o conftest -g -O2   conftest.cpp -lm  -lz  >&5
configure:6153: $? = 0
configure:6162: result: yes
configure:6289: checking that generated files are newer than configure
configure:6295: result: done
configure:6322: creating ./config.status

## ---------------------- ##
## Running config.status. ##
## ---------------------- ##

This file was extended by cramore config.status 1.8, which was
generated by GNU Autoconf 2.69.  Invocation command line was

  CONFIG_FILES    = 
  CONFIG_HEADERS  = 
  CONFIG_LINKS    = 
  CONFIG_COMMANDS = 
  $ ./config.status 

on dumbo

config.status:892: creating Makefile
config.status:892: creating config.h
config.status:1121: executing depfiles commands

## ---------------- ##
## Cache variables. ##
## ---------------- ##

ac_cv_c_compiler_gnu=yes
ac_cv_c_inline=inline
ac_cv_c_int32_t=yes
ac_cv_c_int64_t=yes
ac_cv_c_restrict=__restrict
ac_cv_c_uint16_t=yes
ac_cv_c_uint32_t=yes
ac_cv_c_uint64_t=yes
ac_cv_c_uint8_t=yes
ac_cv_cxx_compiler_gnu=yes
ac_cv_env_CCC_set=
ac_cv_env_CCC_value=
ac_cv_env_CC_set=
ac_cv_env_CC_value=
ac_cv_env_CFLAGS_set=
ac_cv_env_CFLAGS_value=
ac_cv_env_CPPFLAGS_set=
ac_cv_env_CPPFLAGS_value=
ac_cv_env_CXXCPP_set=
ac_cv_env_CXXCPP_value=
ac_cv_env_CXXFLAGS_set=
ac_cv_env_CXXFLAGS_value=
ac_cv_env_CXX_set=
ac_cv_env_CXX_value=
ac_cv_env_LDFLAGS_set=
ac_cv_env_LDFLAGS_value=
ac_cv_env_LIBS_set=
ac_cv_env_LIBS_value=
ac_cv_env_build_alias_set=
ac_cv_env_build_alias_value=
ac_cv_env_host_alias_set=
ac_cv_env_host_alias_value=
ac_cv_env_target_alias_set=
ac_cv_env_target_alias_value=
ac_cv_func_floor=yes
ac_cv_func_gethostname=yes
ac_cv_func_malloc_0_nonnull=yes
ac_cv_func_memset=yes
ac_cv_func_pow=yes
ac_cv_func_realloc_0_nonnull=yes
ac_cv_func_select=yes
ac_cv_func_sqrt=yes
ac_cv_func_strchr=yes
ac_cv_func_strstr=yes
ac_cv_func_strtod=yes
ac_cv_func_strtol=yes
ac_cv_header_inttypes_h=yes
ac_cv_header_limits_h=yes
ac_cv_header_memory_h=yes
ac_cv_header_stdbool_h=yes
ac_cv_header_stdc=yes
ac_cv_header_stddef_h=yes
ac_cv_header_stdint_h=yes
ac_cv_header_stdlib_h=yes
ac_cv_header_string_h=yes
ac_cv_header_strings_h=yes
ac_cv_header_sys_stat_h=yes
ac_cv_header_sys_types_h=yes
ac_cv_header_sys_types_h_makedev=yes
ac_cv_header_unistd_h=yes
ac_cv_lib_error_at_line=yes
ac_cv_lib_m_erf=yes
ac_cv_lib_m_erfc=yes
ac_cv_lib_z_gzopen=yes
ac_cv_objext=o
ac_cv_path_EGREP='/bin/grep -E'
ac_cv_path_GREP=/bin/grep
ac_cv_path_install='/usr/bin/install -c'
ac_cv_path_mkdir=/bin/mkdir
ac_cv_prog_AWK=gawk
ac_cv_prog_CXXCPP='g++ -E'
ac_cv_prog_ac_ct_CC=gcc
ac_cv_prog_ac_ct_CXX=g++
ac_cv_prog_cc_c89=
ac_cv_prog_cc_g=yes
ac_cv_prog_cxx_g=yes
ac_cv_prog_make_make_set=yes
ac_cv_sys_file_offset_bits=no
ac_cv_sys_largefile_CC=no
ac_cv_type__Bool=no
ac_cv_type_ptrdiff_t=yes
ac_cv_type_size_t=yes
am_cv_CC_dependencies_compiler_type=gcc3
am_cv_CXX_dependencies_compiler_type=gcc3
am_cv_make_support_nested_variables=yes
am_cv_prog_cc_c_o=yes
ax_cv_htslib=yes
ax_cv_htslib_which=source

## ----------------- ##
## Output variables. ##
## ----------------- ##

ACLOCAL='${SHELL} /net/wonderland/home/ycsi/tool/bluebear/missing aclocal-1.15'
AMDEPBACKSLASH='\'
AMDEP_FALSE='#'
AMDEP_TRUE=''
AMTAR='$${TAR-tar}'
AM_BACKSLASH='\'
AM_DEFAULT_V='$(AM_DEFAULT_VERBOSITY)'
AM_DEFAULT_VERBOSITY='1'
AM_V='$(V)'
AUTOCONF='${SHELL} /net/wonderland/home/ycsi/tool/bluebear/missing autoconf'
AUTOHEADER='${SHELL} /net/wonderland/home/ycsi/tool/bluebear/missing autoheader'
AUTOMAKE='${SHELL} /net/wonderland/home/ycsi/tool/bluebear/missing automake-1.15'
AWK='gawk'
CC='gcc'
CCDEPMODE='depmode=gcc3'
CFLAGS='-g -O2'
CPPFLAGS=''
CXX='g++'
CXXCPP='g++ -E'
CXXDEPMODE='depmode=gcc3'
CXXFLAGS='-g -O2'
CYGPATH_W='echo'
DEFS='-DHAVE_CONFIG_H'
DEPDIR='.deps'
ECHO_C=''
ECHO_N='-n'
ECHO_T=''
EGREP='/bin/grep -E'
EXEEXT=''
GREP='/bin/grep'
HTSDIR='../htslib'
HTSLIB_CPPFLAGS='-I../htslib'
HTSLIB_LDFLAGS='-L../htslib'
Hinstall='#'
Hsource=''
INSTALL_DATA='${INSTALL} -m 644'
INSTALL_PROGRAM='${INSTALL}'
INSTALL_SCRIPT='${INSTALL}'
INSTALL_STRIP_PROGRAM='$(install_sh) -c -s'
LDFLAGS=''
LIBOBJS=''
LIBS='-lz '
LTLIBOBJS=''
MAKEINFO='${SHELL} /net/wonderland/home/ycsi/tool/bluebear/missing makeinfo'
MKDIR_P='/bin/mkdir -p'
OBJEXT='o'
PACKAGE='cramore'
PACKAGE_BUGREPORT='hmkang@umich.edu'
PACKAGE_NAME='cramore'
PACKAGE_STRING='cramore 1.8'
PACKAGE_TARNAME='cramore'
PACKAGE_URL=''
PACKAGE_VERSION='1.8'
PATH_SEPARATOR=':'
POW_LIB=''
SET_MAKE=''
SHELL='/bin/sh'
STRIP=''
VERSION='1.8'
ac_ct_CC='gcc'
ac_ct_CXX='g++'
am__EXEEXT_FALSE=''
am__EXEEXT_TRUE='#'
am__fastdepCC_FALSE='#'
am__fastdepCC_TRUE=''
am__fastdepCXX_FALSE='#'
am__fastdepCXX_TRUE=''
am__include='include'
am__isrc=''
am__leading_dot='.'
am__nodep='_no'
am__quote=''
am__tar='$${TAR-tar} chof - "$$tardir"'
am__untar='$${TAR-tar} xf -'
bindir='${exec_prefix}/bin'
build_alias=''
datadir='${datarootdir}'
datarootdir='${prefix}/share'
docdir='${datarootdir}/doc/${PACKAGE_TARNAME}'
dvidir='${docdir}'
exec_prefix='${prefix}'
host_alias=''
htmldir='${docdir}'
include_htslib_mk='include $(HTSDIR)/htslib.mk'
includedir='${prefix}/include'
infodir='${datarootdir}/info'
install_sh='${SHELL} /net/wonderland/home/ycsi/tool/bluebear/install-sh'
libdir='${exec_prefix}/lib'
libexecdir='${exec_prefix}/libexec'
localedir='${datarootdir}/locale'
localstatedir='${prefix}/var'
mandir='${datarootdir}/man'
mkdir_p='$(MKDIR_P)'
oldincludedir='/usr/include'
pdfdir='${docdir}'
prefix='/usr/local'
program_transform_name='s,x,x,'
psdir='${docdir}'
runstatedir='${localstatedir}/run'
sbindir='${exec_prefix}/sbin'
sharedstatedir='${prefix}/com'
subdirs=''
sysconfdir='${prefix}/etc'
target_alias=''

## ----------- ##
## confdefs.h. ##
## ----------- ##

/* confdefs.h */
#define PACKAGE_NAME "cramore"
#define PACKAGE_TARNAME "cramore"
#define PACKAGE_VERSION "1.8"
#define PACKAGE_STRING "cramore 1.8"
#define PACKAGE_BUGREPORT "hmkang@umich.edu"
#define PACKAGE_URL ""
#define PACKAGE "cramore"
#define VERSION "1.8"
#define STDC_HEADERS 1
#define HAVE_SYS_TYPES_H 1
#define HAVE_SYS_STAT_H 1
#define HAVE_STDLIB_H 1
#define HAVE_STRING_H 1
#define HAVE_MEMORY_H 1
#define HAVE_STRINGS_H 1
#define HAVE_INTTYPES_H 1
#define HAVE_STDINT_H 1
#define HAVE_UNISTD_H 1
#define HAVE_LIMITS_H 1
#define HAVE_STDDEF_H 1
#define HAVE_STDINT_H 1
#define HAVE_STDLIB_H 1
#define HAVE_STRING_H 1
#define HAVE_UNISTD_H 1
#define HAVE_STDBOOL_H 1
#define restrict __restrict
#define HAVE_PTRDIFF_T 1
#define HAVE_STDLIB_H 1
#define HAVE_MALLOC 1
#define HAVE_STDLIB_H 1
#define HAVE_REALLOC 1
#define HAVE_FLOOR 1
#define HAVE_GETHOSTNAME 1
#define HAVE_MEMSET 1
#define HAVE_POW 1
#define HAVE_SELECT 1
#define HAVE_SQRT 1
#define HAVE_STRCHR 1
#define HAVE_STRSTR 1
#define HAVE_STRTOL 1
#define HAVE_LIBZ 1
#define HAVE_ERF 1
#define HAVE_ERFC 1

configure: exit 0

## ---------------------- ##
## Running config.status. ##
## ---------------------- ##

This file was extended by cramore config.status 1.8, which was
generated by GNU Autoconf 2.69.  Invocation command line was

  CONFIG_FILES    = 
  CONFIG_HEADERS  = 
  CONFIG_LINKS    = 
  CONFIG_COMMANDS = 
  $ ./config.status Makefile depfiles

on dumbo

config.status:892: creating Makefile
config.status:1121: executing depfiles commands

## ---------------------- ##
## Running config.status. ##
## ---------------------- ##

This file was extended by cramore config.status 1.8, which was
generated by GNU Autoconf 2.69.  Invocation command line was

  CONFIG_FILES    = 
  CONFIG_HEADERS  = 
  CONFIG_LINKS    = 
  CONFIG_COMMANDS = 
  $ ./config.status Makefile depfiles

on dumbo

config.status:892: creating Makefile
config.status:1121: executing depfiles commands

## ---------------------- ##
## Running config.status. ##
## ---------------------- ##

This file was extended by cramore config.status 1.8, which was
generated by GNU Autoconf 2.69.  Invocation command line was

  CONFIG_FILES    = 
  CONFIG_HEADERS  = 
  CONFIG_LINKS    = 
  CONFIG_COMMANDS = 
  $ ./config.status Makefile depfiles

on dumbo

config.status:892: creating Makefile
config.status:1121: executing depfiles commands

## ---------------------- ##
## Running config.status. ##
## ---------------------- ##

This file was extended by cramore config.status 1.8, which was
generated by GNU Autoconf 2.69.  Invocation command line was

  CONFIG_FILES    = 
  CONFIG_HEADERS  = 
  CONFIG_LINKS    = 
  CONFIG_COMMANDS = 
  $ ./config.status Makefile depfiles

on dumbo

config.status:892: creating Makefile
config.status:1121: executing depfiles commands

## ---------------------- ##
## Running config.status. ##
## ---------------------- ##

This file was extended by cramore config.status 1.8, which was
generated by GNU Autoconf 2.69.  Invocation command line was

  CONFIG_FILES    = 
  CONFIG_HEADERS  = 
  CONFIG_LINKS    = 
  CONFIG_COMMANDS = 
  $ ./config.status Makefile depfiles

on dumbo

config.status:892: creating Makefile
config.status:1121: executing depfiles commands

## ---------------------- ##
## Running config.status. ##
## ---------------------- ##

This file was extended by cramore config.status 1.8, which was
generated by GNU Autoconf 2.69.  Invocation command line was

  CONFIG_FILES    = 
  CONFIG_HEADERS  = 
  CONFIG_LINKS    = 
  CONFIG_COMMANDS = 
  $ ./config.status Makefile depfiles

on dumbo

config.status:892: creating Makefile
config.status:1121: executing depfiles commands

## ---------------------- ##
## Running config.status. ##
## ---------------------- ##

This file was extended by cramore config.status 1.8, which was
generated by GNU Autoconf 2.69.  Invocation command line was

  CONFIG_FILES    = 
  CONFIG_HEADERS  = 
  CONFIG_LINKS    = 
  CONFIG_COMMANDS = 
  $ ./config.status Makefile depfiles

on dumbo

config.status:892: creating Makefile
config.status:1121: executing depfiles commands

## ---------------------- ##
## Running config.status. ##
## ---------------------- ##

This file was extended by cramore config.status 1.8, which was
generated by GNU Autoconf 2.69.  Invocation command line was

  CONFIG_FILES    = 
  CONFIG_HEADERS  = 
  CONFIG_LINKS    = 
  CONFIG_COMMANDS = 
  $ ./config.status Makefile depfiles

on dumbo

config.status:892: creating Makefile
config.status:1121: executing depfiles commands

## ---------------------- ##
## Running config.status. ##
## ---------------------- ##

This file was extended by cramore config.status 1.8, which was
generated by GNU Autoconf 2.69.  Invocation command line was

  CONFIG_FILES    = 
  CONFIG_HEADERS  = 
  CONFIG_LINKS    = 
  CONFIG_COMMANDS = 
  $ ./config.status Makefile depfiles

on dumbo

config.status:892: creating Makefile
config.status:1121: executing depfiles commands

## ---------------------- ##
## Running config.status. ##
## ---------------------- ##

This file was extended by cramore config.status 1.8, which was
generated by GNU Autoconf 2.69.  Invocation command line was

  CONFIG_FILES    = 
  CONFIG_HEADERS  = 
  CONFIG_LINKS    = 
  CONFIG_COMMANDS = 
  $ ./config.status Makefile depfiles

on dumbo

config.status:892: creating Makefile
config.status:1121: executing depfiles commands

## ---------------------- ##
## Running config.status. ##
## ---------------------- ##

This file was extended by cramore config.status 1.8, which was
generated by GNU Autoconf 2.69.  Invocation command line was

  CONFIG_FILES    = 
  CONFIG_HEADERS  = 
  CONFIG_LINKS    = 
  CONFIG_COMMANDS = 
  $ ./config.status Makefile depfiles

on dumbo

config.status:892: creating Makefile
config.status:1121: executing depfiles commands
